<?xml version="1.0" encoding="UTF-8"?>
<coverage generated="1602319877499" clover="3.2.0">
  <project timestamp="1602319877499" name="All files">
    <metrics statements="39" coveredstatements="25" conditionals="19" coveredconditionals="9" methods="23" coveredmethods="10" elements="81" coveredelements="44" complexity="0" loc="39" ncloc="39" packages="4" files="5" classes="5"/>
    <package name="src">
      <metrics statements="1" coveredstatements="0" conditionals="0" coveredconditionals="0" methods="6" coveredmethods="0"/>
      <file name="counter.js" path="/Users/eastjun/git/black-coffee/level2/js-test-basic/src/counter.js">
        <metrics statements="1" coveredstatements="0" conditionals="0" coveredconditionals="0" methods="4" coveredmethods="0"/>
        <line num="2" count="0" type="stmt"/>
      </file>
      <file name="util.js" path="/Users/eastjun/git/black-coffee/level2/js-test-basic/src/util.js">
        <metrics statements="0" coveredstatements="0" conditionals="0" coveredconditionals="0" methods="2" coveredmethods="0"/>
      </file>
    </package>
    <package name="src.backup">
      <metrics statements="12" coveredstatements="12" conditionals="11" coveredconditionals="5" methods="6" coveredmethods="6"/>
      <file name="counter.js" path="/Users/eastjun/git/black-coffee/level2/js-test-basic/src/backup/counter.js">
        <metrics statements="12" coveredstatements="12" conditionals="11" coveredconditionals="5" methods="6" coveredmethods="6"/>
        <line num="1" count="5" type="cond" truecount="0" falsecount="1"/>
        <line num="2" count="10" type="cond" truecount="1" falsecount="1"/>
        <line num="3" count="10" type="cond" truecount="1" falsecount="1"/>
        <line num="4" count="10" type="cond" truecount="1" falsecount="1"/>
        <line num="6" count="10" type="stmt"/>
        <line num="8" count="22" type="stmt"/>
        <line num="11" count="6" type="cond" truecount="1" falsecount="1"/>
        <line num="12" count="6" type="stmt"/>
        <line num="16" count="6" type="cond" truecount="1" falsecount="1"/>
        <line num="17" count="6" type="stmt"/>
        <line num="21" count="22" type="stmt"/>
        <line num="24" count="22" type="stmt"/>
      </file>
    </package>
    <package name="src.serverCounter">
      <metrics statements="13" coveredstatements="0" conditionals="4" coveredconditionals="0" methods="7" coveredmethods="0"/>
      <file name="counter.js" path="/Users/eastjun/git/black-coffee/level2/js-test-basic/src/serverCounter/counter.js">
        <metrics statements="13" coveredstatements="0" conditionals="4" coveredconditionals="0" methods="7" coveredmethods="0"/>
        <line num="6" count="0" type="stmt"/>
        <line num="7" count="0" type="stmt"/>
        <line num="10" count="0" type="cond" truecount="0" falsecount="2"/>
        <line num="11" count="0" type="cond" truecount="0" falsecount="2"/>
        <line num="13" count="0" type="stmt"/>
        <line num="20" count="0" type="stmt"/>
        <line num="21" count="0" type="stmt"/>
        <line num="24" count="0" type="stmt"/>
        <line num="25" count="0" type="stmt"/>
        <line num="26" count="0" type="stmt"/>
        <line num="30" count="0" type="stmt"/>
        <line num="31" count="0" type="stmt"/>
        <line num="32" count="0" type="stmt"/>
      </file>
    </package>
    <package name="src.uiCounter">
      <metrics statements="13" coveredstatements="13" conditionals="4" coveredconditionals="4" methods="4" coveredmethods="4"/>
      <file name="counter.js" path="/Users/eastjun/git/black-coffee/level2/js-test-basic/src/uiCounter/counter.js">
        <metrics statements="13" coveredstatements="13" conditionals="4" coveredconditionals="4" methods="4" coveredmethods="4"/>
        <line num="5" count="15" type="stmt"/>
        <line num="6" count="15" type="stmt"/>
        <line num="9" count="29" type="stmt"/>
        <line num="10" count="29" type="cond" truecount="2" falsecount="0"/>
        <line num="11" count="29" type="cond" truecount="2" falsecount="0"/>
        <line num="13" count="29" type="stmt"/>
        <line num="20" count="15" type="stmt"/>
        <line num="22" count="15" type="stmt"/>
        <line num="23" count="7" type="stmt"/>
        <line num="24" count="7" type="stmt"/>
        <line num="27" count="15" type="stmt"/>
        <line num="28" count="7" type="stmt"/>
        <line num="29" count="7" type="stmt"/>
      </file>
    </package>
  </project>
</coverage>
