TN:
SF:/Users/eastjun/git/black-coffee/level2/js-test-basic/src/uiCounter.js
FN:1,createCounter
FN:3,(anonymous_1)
FN:6,(anonymous_2)
FN:9,(anonymous_3)
FNF:4
FNH:0
FNDA:0,createCounter
FNDA:0,(anonymous_1)
FNDA:0,(anonymous_2)
FNDA:0,(anonymous_3)
DA:2,0
LF:1
LH:0
BRF:0
BRH:0
end_of_record
TN:
SF:/Users/eastjun/git/black-coffee/level2/js-test-basic/src/util.js
FN:1,add
FN:5,swap
FNF:2
FNH:0
FNDA:0,add
FNDA:0,swap
LF:0
LH:0
BRF:0
BRH:0
end_of_record
TN:
SF:/Users/eastjun/git/black-coffee/level2/js-test-basic/src/backup/uiCounter.js
FN:1,createCounter
FN:7,(anonymous_1)
FN:10,(anonymous_2)
FN:15,(anonymous_3)
FN:20,(anonymous_4)
FN:23,(anonymous_5)
FNF:6
FNH:6
FNDA:10,createCounter
FNDA:22,(anonymous_1)
FNDA:6,(anonymous_2)
FNDA:6,(anonymous_3)
FNDA:22,(anonymous_4)
FNDA:22,(anonymous_5)
DA:1,5
DA:2,10
DA:3,10
DA:4,10
DA:6,10
DA:8,22
DA:11,6
DA:12,6
DA:16,6
DA:17,6
DA:21,22
DA:24,22
LF:12
LH:12
BRDA:1,0,0,0
BRDA:2,1,0,10
BRDA:2,1,1,0
BRDA:3,2,0,10
BRDA:3,2,1,0
BRDA:4,3,0,10
BRDA:4,3,1,0
BRDA:11,4,0,6
BRDA:11,4,1,0
BRDA:16,5,0,6
BRDA:16,5,1,0
BRF:11
BRH:5
end_of_record
TN:
SF:/Users/eastjun/git/black-coffee/level2/js-test-basic/src/serverCounter/uiCounter.js
FN:5,createServerCounter
FN:9,render
FN:20,(anonymous_2)
FN:24,(anonymous_3)
FN:25,(anonymous_4)
FN:30,(anonymous_5)
FN:31,(anonymous_6)
FNF:7
FNH:0
FNDA:0,createServerCounter
FNDA:0,render
FNDA:0,(anonymous_2)
FNDA:0,(anonymous_3)
FNDA:0,(anonymous_4)
FNDA:0,(anonymous_5)
FNDA:0,(anonymous_6)
DA:6,0
DA:7,0
DA:10,0
DA:11,0
DA:13,0
DA:20,0
DA:21,0
DA:24,0
DA:25,0
DA:26,0
DA:30,0
DA:31,0
DA:32,0
LF:13
LH:0
BRDA:10,0,0,0
BRDA:10,0,1,0
BRDA:11,1,0,0
BRDA:11,1,1,0
BRF:4
BRH:0
end_of_record
TN:
SF:/Users/eastjun/git/black-coffee/level2/js-test-basic/src/uiCounter/uiCounter.js
FN:4,createUICounter
FN:8,render
FN:22,(anonymous_2)
FN:27,(anonymous_3)
FNF:4
FNH:4
FNDA:15,createUICounter
FNDA:29,render
FNDA:7,(anonymous_2)
FNDA:7,(anonymous_3)
DA:5,15
DA:6,15
DA:9,29
DA:10,29
DA:11,29
DA:13,29
DA:20,15
DA:22,15
DA:23,7
DA:24,7
DA:27,15
DA:28,7
DA:29,7
LF:13
LH:13
BRDA:10,0,0,3
BRDA:10,0,1,26
BRDA:11,1,0,3
BRDA:11,1,1,26
BRF:4
BRH:4
end_of_record
